<?xml version="1.0" encoding="UTF-8"?>
<testsuite xmlns:xsi="http://www.w3.org/2001/XMLSchema-instance" xsi:noNamespaceSchemaLocation="https://maven.apache.org/surefire/maven-surefire-plugin/xsd/surefire-test-report-3.0.xsd" version="3.0" name="org.example.runner.Runner" time="184.847" tests="14" errors="1" skipped="0" failures="2">
  <properties>
[...]
</properties>
  <testcase name="user registered with valid data" classname="register feature |  User could register with valid data" time="14.709"/>
  <testcase name="user logged in  with valid data" classname="Login feature |  User could login with valid data" time="10.476"/>
  <testcase name="Select Euro currency from the dropdown list and make sure all products changed" classname="currency feature |  User could change currency to Euro" time="6.034"/>
  <testcase name="user could search using product name #1" classname="search feature |  User could search by product name or sku" time="12.95"/>
  <testcase name="user could search using product name #2" classname="search feature |  User could search by product name or sku" time="12.945"/>
  <testcase name="user could search for product using sku" classname="search feature |  User could search by product name or sku" time="14.836"/>
  <testcase name="user could select different Categories" classname="Categories feature |  select different Categories" time="10.175"/>
  <testcase name="user could select first slider" classname="Homepage Slider feature |  user select one of slider and navigate to its page" time="3.272">
    <failure type="java.lang.AssertionError"><![CDATA[java.lang.AssertionError
]]></failure>
    <system-err><![CDATA[Starting ChromeDriver 102.0.5005.61 (0e59bcc00cc4985ce39ad31c150065f159d95ad3-refs/branch-heads/5005@{#819}) on port 55881
Only local connections are allowed.
Please see https://chromedriver.chromium.org/security-considerations for suggestions on keeping ChromeDriver safe.
ChromeDriver was started successfully.
Jun 21, 2022 10:28:24 AM org.openqa.selenium.remote.ProtocolHandshake createSession
INFO: Detected dialect: W3C
Jun 21, 2022 10:28:24 AM org.openqa.selenium.devtools.CdpVersionFinder findNearestMatch
WARNING: Unable to find an exact match for CDP version 102, so returning the closest version found: 101
Jun 21, 2022 10:28:24 AM org.openqa.selenium.devtools.CdpVersionFinder findNearestMatch
INFO: Found CDP implementation for version 102 of 101
]]></system-err>
  </testcase>
  <testcase name="user could select second  slider" classname="Homepage Slider feature |  user select one of slider and navigate to its page" time="3.302">
    <failure type="java.lang.AssertionError"><![CDATA[java.lang.AssertionError
]]></failure>
    <system-err><![CDATA[Starting ChromeDriver 102.0.5005.61 (0e59bcc00cc4985ce39ad31c150065f159d95ad3-refs/branch-heads/5005@{#819}) on port 52148
Only local connections are allowed.
Please see https://chromedriver.chromium.org/security-considerations for suggestions on keeping ChromeDriver safe.
ChromeDriver was started successfully.
Jun 21, 2022 10:28:27 AM org.openqa.selenium.remote.ProtocolHandshake createSession
INFO: Detected dialect: W3C
Jun 21, 2022 10:28:27 AM org.openqa.selenium.devtools.CdpVersionFinder findNearestMatch
WARNING: Unable to find an exact match for CDP version 102, so returning the closest version found: 101
Jun 21, 2022 10:28:27 AM org.openqa.selenium.devtools.CdpVersionFinder findNearestMatch
INFO: Found CDP implementation for version 102 of 101
]]></system-err>
  </testcase>
  <testcase name="user could select facebook icon" classname="Follow up  feature |  select different social network #1" time="11.851"/>
  <testcase name="user could select twitter icon" classname="Follow up  feature |  select different social network #1" time="11.814"/>
  <testcase name="user could select rss icon" classname="Follow up  feature |  select different social network #1" time="3.876">
    <error message="Index: 1, Size: 1" type="java.lang.IndexOutOfBoundsException"><![CDATA[java.lang.IndexOutOfBoundsException: Index: 1, Size: 1
]]></error>
    <system-err><![CDATA[Starting ChromeDriver 102.0.5005.61 (0e59bcc00cc4985ce39ad31c150065f159d95ad3-refs/branch-heads/5005@{#819}) on port 56226
Only local connections are allowed.
Please see https://chromedriver.chromium.org/security-considerations for suggestions on keeping ChromeDriver safe.
ChromeDriver was started successfully.
Jun 21, 2022 10:28:54 AM org.openqa.selenium.remote.ProtocolHandshake createSession
INFO: Detected dialect: W3C
Jun 21, 2022 10:28:54 AM org.openqa.selenium.devtools.CdpVersionFinder findNearestMatch
WARNING: Unable to find an exact match for CDP version 102, so returning the closest version found: 101
Jun 21, 2022 10:28:54 AM org.openqa.selenium.devtools.CdpVersionFinder findNearestMatch
INFO: Found CDP implementation for version 102 of 101
]]></system-err>
  </testcase>
  <testcase name="user could select youtube icon" classname="Follow up  feature |  select different social network #1" time="50.194"/>
  <testcase name="Logged user could add different products to Wishlist" classname="Follow up  feature |  select different social network #2" time="16.908"/>
</testsuite>