<?xml version="1.0" encoding="UTF-8"?>
<testsuite xmlns:xsi="http://www.w3.org/2001/XMLSchema-instance" xsi:noNamespaceSchemaLocation="https://maven.apache.org/surefire/maven-surefire-plugin/xsd/surefire-test-report-3.0.xsd" version="3.0" name="org.example.runner.Runner" time="121.394" tests="13" errors="2" skipped="0" failures="2">
  <properties>
[...]
</properties>
  <testcase name="user registered with valid data" classname="register feature |  User could register with valid data" time="14.412"/>
  <testcase name="user logged in  with valid data" classname="Login feature |  User could login with valid data" time="11.517"/>
  <testcase name="Select Euro currency from the dropdown list and make sure all products changed" classname="currency feature |  User could change currency to Euro" time="6.373"/>
  <testcase name="user could search using product name #1" classname="search feature |  User could search by product name or sku" time="14.275"/>
  <testcase name="user could search using product name #2" classname="search feature |  User could search by product name or sku" time="14.688"/>
  <testcase name="user could search for product using sku" classname="search feature |  User could search by product name or sku" time="14.93"/>
  <testcase name="user could select different Categories" classname="Categories feature |  select different Categories" time="3.502">
    <error message="no such window: target window already closed&#10;from unknown error: web view not found&#10;  (Session info: chrome=102.0.5005.115)&#10;Build info: version: &apos;4.1.4&apos;, revision: &apos;535d840ee2&apos;&#10;System info: host: &apos;Saras-Mac-mini-2.local&apos;, ip: &apos;127.0.0.1&apos;, os.name: &apos;Mac OS X&apos;, os.arch: &apos;x86_64&apos;, os.version: &apos;10.15.7&apos;, java.version: &apos;1.8.0_91&apos;&#10;Driver info: org.openqa.selenium.chrome.ChromeDriver&#10;Command: [d8b2bbc5f6fc1d5156cc506e4e023f17, findElement {using=xpath, value=//ul[@class=&quot;top-menu notmobile&quot;]/li/ a[@href=&quot;/computers&quot;]}]&#10;Capabilities {acceptInsecureCerts: false, browserName: chrome, browserVersion: 102.0.5005.115, chrome: {chromedriverVersion: 102.0.5005.61 (0e59bcc00cc4..., userDataDir: /var/folders/cf/3py17lb10cd...}, goog:chromeOptions: {debuggerAddress: localhost:55636}, javascriptEnabled: true, networkConnectionEnabled: false, pageLoadStrategy: normal, platform: MAC, platformName: MAC, proxy: Proxy(), se:cdp: ws://localhost:55636/devtoo..., se:cdpVersion: 102.0.5005.115, setWindowRect: true, strictFileInteractability: false, timeouts: {implicit: 0, pageLoad: 300000, script: 30000}, unhandledPromptBehavior: dismiss and notify, webauthn:extension:credBlob: true, webauthn:extension:largeBlob: true, webauthn:virtualAuthenticators: true}&#10;Session ID: d8b2bbc5f6fc1d5156cc506e4e023f17" type="org.openqa.selenium.NoSuchWindowException"><![CDATA[org.openqa.selenium.NoSuchWindowException: 
no such window: target window already closed
from unknown error: web view not found
  (Session info: chrome=102.0.5005.115)
Build info: version: '4.1.4', revision: '535d840ee2'
System info: host: 'Saras-Mac-mini-2.local', ip: '127.0.0.1', os.name: 'Mac OS X', os.arch: 'x86_64', os.version: '10.15.7', java.version: '1.8.0_91'
Driver info: org.openqa.selenium.chrome.ChromeDriver
Command: [d8b2bbc5f6fc1d5156cc506e4e023f17, findElement {using=xpath, value=//ul[@class="top-menu notmobile"]/li/ a[@href="/computers"]}]
Capabilities {acceptInsecureCerts: false, browserName: chrome, browserVersion: 102.0.5005.115, chrome: {chromedriverVersion: 102.0.5005.61 (0e59bcc00cc4..., userDataDir: /var/folders/cf/3py17lb10cd...}, goog:chromeOptions: {debuggerAddress: localhost:55636}, javascriptEnabled: true, networkConnectionEnabled: false, pageLoadStrategy: normal, platform: MAC, platformName: MAC, proxy: Proxy(), se:cdp: ws://localhost:55636/devtoo..., se:cdpVersion: 102.0.5005.115, setWindowRect: true, strictFileInteractability: false, timeouts: {implicit: 0, pageLoad: 300000, script: 30000}, unhandledPromptBehavior: dismiss and notify, webauthn:extension:credBlob: true, webauthn:extension:largeBlob: true, webauthn:virtualAuthenticators: true}
Session ID: d8b2bbc5f6fc1d5156cc506e4e023f17
]]></error>
    <system-out><![CDATA[
@regression
Scenario: user registered with valid data        &amp#27;[90m# src/main/resources/Features/F01_ValidRegistration.feature:4&amp#27;[0m
  &amp#27;[32mGiven &amp#27;[0m&amp#27;[32muser navigate to registration page&amp#27;[0m       &amp#27;[90m# org.example.stepDefinitions.D01_RegistrationStepDef.navigate_to_registration()&amp#27;[0m
  &amp#27;[32mWhen &amp#27;[0m&amp#27;[32muser enter valid data "&amp#27;[0m&amp#27;[32m&amp#27;[1mSara&amp#27;[0m&amp#27;[32m" and "&amp#27;[0m&amp#27;[32m&amp#27;[1mShokry&amp#27;[0m&amp#27;[32m"&amp#27;[0m &amp#27;[90m# org.example.stepDefinitions.D01_RegistrationStepDef.enterValidRegistrationData(java.lang.String,java.lang.String)&amp#27;[0m
  &amp#27;[32mAnd &amp#27;[0m&amp#27;[32muser click on register button&amp#27;[0m              &amp#27;[90m# org.example.stepDefinitions.D01_RegistrationStepDef.click_registration_button()&amp#27;[0m
  &amp#27;[32mThen &amp#27;[0m&amp#27;[32muser could registered successfully&amp#27;[0m        &amp#27;[90m# org.example.stepDefinitions.D01_RegistrationStepDef.success_registration()&amp#27;[0m

@regression
Scenario: user logged in  with valid data                   &amp#27;[90m# src/main/resources/Features/F02_Login.feature:4&amp#27;[0m
  &amp#27;[32mGiven &amp#27;[0m&amp#27;[32muser navigate to login page&amp#27;[0m                         &amp#27;[90m# org.example.stepDefinitions.D02_LoginStepDef.navigate_to_login()&amp#27;[0m
  &amp#27;[32mWhen &amp#27;[0m&amp#27;[32muser enter "&amp#27;[0m&amp#27;[32m&amp#27;[1mtest1@gmail.com&amp#27;[0m&amp#27;[32m" and "&amp#27;[0m&amp#27;[32m&amp#27;[1m123456789&amp#27;[0m&amp#27;[32m"&amp#27;[0m         &amp#27;[90m# org.example.stepDefinitions.D02_LoginStepDef.enterValidRegistrationData(java.lang.String,java.lang.String)&amp#27;[0m
  &amp#27;[32mAnd &amp#27;[0m&amp#27;[32muser click on login button&amp#27;[0m                            &amp#27;[90m# org.example.stepDefinitions.D02_LoginStepDef.click_login_button()&amp#27;[0m
  &amp#27;[32mThen &amp#27;[0m&amp#27;[32muser could loggedIn successfully and go to home page&amp#27;[0m &amp#27;[90m# org.example.stepDefinitions.D02_LoginStepDef.success_login()&amp#27;[0m
  &amp#27;[32mAnd &amp#27;[0m&amp#27;[32maccount tab is displayed&amp#27;[0m                              &amp#27;[90m# org.example.stepDefinitions.D02_LoginStepDef.accountTabDisplayed()&amp#27;[0m

@regression
Scenario: Select Euro currency from the dropdown list and make sure all products changed &amp#27;[90m# src/main/resources/Features/F03_currencies.feature:4&amp#27;[0m
  &amp#27;[32mGiven &amp#27;[0m&amp#27;[32mSelect Euro currency from the dropdown list&amp#27;[0m                                      &amp#27;[90m# org.example.stepDefinitions.D03_currenciesStepDef.Select_Euro_currency()&amp#27;[0m
  &amp#27;[32mThen &amp#27;[0m&amp#27;[32mvalidate currency changed for each product&amp#27;[0m                                        &amp#27;[90m# org.example.stepDefinitions.D03_currenciesStepDef.validateEuroPrice()&amp#27;[0m

@regression
Scenario Outline: user could search using product name    &amp#27;[90m# src/main/resources/Features/F04_Search.feature:13&amp#27;[0m
  &amp#27;[32mGiven &amp#27;[0m&amp#27;[32mSelect searchBox&amp#27;[0m                                  &amp#27;[90m# org.example.stepDefinitions.D04_searchStepDef.Select_searchBox()&amp#27;[0m
  &amp#27;[32mWhen &amp#27;[0m&amp#27;[32msearch for any product like "&amp#27;[0m&amp#27;[32m&amp#27;[1mApple&amp#27;[0m&amp#27;[32m"&amp#27;[0m                &amp#27;[90m# org.example.stepDefinitions.D04_searchStepDef.addSearchWord(java.lang.String)&amp#27;[0m
  &amp#27;[32mAnd &amp#27;[0m&amp#27;[32mclick search&amp#27;[0m                                        &amp#27;[90m# org.example.stepDefinitions.D04_searchStepDef.clickSearch()&amp#27;[0m
  &amp#27;[32mThen &amp#27;[0m&amp#27;[32mverfiy url contains nopCommerce demo store. Search&amp#27;[0m &amp#27;[90m# org.example.stepDefinitions.D04_searchStepDef.validateSearchUrl()&amp#27;[0m
  &amp#27;[32mAnd &amp#27;[0m&amp#27;[32mverfiy search shows relevant results&amp#27;[0m                &amp#27;[90m# org.example.stepDefinitions.D04_searchStepDef.verfiyShowResult()&amp#27;[0m

@regression
Scenario Outline: user could search using product name    &amp#27;[90m# src/main/resources/Features/F04_Search.feature:14&amp#27;[0m
  &amp#27;[32mGiven &amp#27;[0m&amp#27;[32mSelect searchBox&amp#27;[0m                                  &amp#27;[90m# org.example.stepDefinitions.D04_searchStepDef.Select_searchBox()&amp#27;[0m
  &amp#27;[32mWhen &amp#27;[0m&amp#27;[32msearch for any product like "&amp#27;[0m&amp#27;[32m&amp#27;[1mLenovo&amp#27;[0m&amp#27;[32m"&amp#27;[0m               &amp#27;[90m# org.example.stepDefinitions.D04_searchStepDef.addSearchWord(java.lang.String)&amp#27;[0m
  &amp#27;[32mAnd &amp#27;[0m&amp#27;[32mclick search&amp#27;[0m                                        &amp#27;[90m# org.example.stepDefinitions.D04_searchStepDef.clickSearch()&amp#27;[0m
  &amp#27;[32mThen &amp#27;[0m&amp#27;[32mverfiy url contains nopCommerce demo store. Search&amp#27;[0m &amp#27;[90m# org.example.stepDefinitions.D04_searchStepDef.validateSearchUrl()&amp#27;[0m
  &amp#27;[32mAnd &amp#27;[0m&amp#27;[32mverfiy search shows relevant results&amp#27;[0m                &amp#27;[90m# org.example.stepDefinitions.D04_searchStepDef.verfiyShowResult()&amp#27;[0m

@regression
Scenario Outline: user could search for product using sku &amp#27;[90m# src/main/resources/Features/F04_Search.feature:25&amp#27;[0m
  &amp#27;[32mGiven &amp#27;[0m&amp#27;[32mSelect searchBox&amp#27;[0m                                  &amp#27;[90m# org.example.stepDefinitions.D04_searchStepDef.Select_searchBox()&amp#27;[0m
  &amp#27;[32mWhen &amp#27;[0m&amp#27;[32msearch for any product sku "&amp#27;[0m&amp#27;[32m&amp#27;[1mSF_PRO_11&amp#27;[0m&amp#27;[32m"&amp#27;[0m             &amp#27;[90m# org.example.stepDefinitions.D04_searchStepDef.addSearchSKU(java.lang.String)&amp#27;[0m
  &amp#27;[32mAnd &amp#27;[0m&amp#27;[32mclick search&amp#27;[0m                                        &amp#27;[90m# org.example.stepDefinitions.D04_searchStepDef.clickSearch()&amp#27;[0m
  &amp#27;[32mThen &amp#27;[0m&amp#27;[32mverfiy sku shown in each product list&amp#27;[0m              &amp#27;[90m# org.example.stepDefinitions.D04_searchStepDef.verfiySKU()&amp#27;[0m

@regression
Scenario: user could select different Categories &amp#27;[90m# src/main/resources/Features/F05_hoverCategories.feature:4&amp#27;[0m
  &amp#27;[31mGiven &amp#27;[0m&amp#27;[31mhover on categories&amp#27;[0m                      &amp#27;[90m# org.example.stepDefinitions.D05_hoverCategoriesStepDef.hover_on_category()&amp#27;[0m
      &amp#27;[31morg.openqa.selenium.NoSuchWindowException: no such window: target window already closed
from unknown error: web view not found
  (Session info: chrome=102.0.5005.115)
Build info: version: '4.1.4', revision: '535d840ee2'
System info: host: 'Saras-Mac-mini-2.local', ip: '127.0.0.1', os.name: 'Mac OS X', os.arch: 'x86_64', os.version: '10.15.7', java.version: '1.8.0_91'
Driver info: org.openqa.selenium.chrome.ChromeDriver
Command: [d8b2bbc5f6fc1d5156cc506e4e023f17, findElement {using=xpath, value=//ul[@class="top-menu notmobile"]/li/ a[@href="/computers"]}]
Capabilities {acceptInsecureCerts: false, browserName: chrome, browserVersion: 102.0.5005.115, chrome: {chromedriverVersion: 102.0.5005.61 (0e59bcc00cc4..., userDataDir: /var/folders/cf/3py17lb10cd...}, goog:chromeOptions: {debuggerAddress: localhost:55636}, javascriptEnabled: true, networkConnectionEnabled: false, pageLoadStrategy: normal, platform: MAC, platformName: MAC, proxy: Proxy(), se:cdp: ws://localhost:55636/devtoo..., se:cdpVersion: 102.0.5005.115, setWindowRect: true, strictFileInteractability: false, timeouts: {implicit: 0, pageLoad: 300000, script: 30000}, unhandledPromptBehavior: dismiss and notify, webauthn:extension:credBlob: true, webauthn:extension:largeBlob: true, webauthn:virtualAuthenticators: true}
Session ID: d8b2bbc5f6fc1d5156cc506e4e023f17
	at sun.reflect.NativeConstructorAccessorImpl.newInstance0(Native Method)
	at sun.reflect.NativeConstructorAccessorImpl.newInstance(NativeConstructorAccessorImpl.java:62)
	at sun.reflect.DelegatingConstructorAccessorImpl.newInstance(DelegatingConstructorAccessorImpl.java:45)
	at java.lang.reflect.Constructor.newInstance(Constructor.java:423)
	at org.openqa.selenium.remote.codec.w3c.W3CHttpResponseCodec.createException(W3CHttpResponseCodec.java:200)
	at org.openqa.selenium.remote.codec.w3c.W3CHttpResponseCodec.decode(W3CHttpResponseCodec.java:133)
	at org.openqa.selenium.remote.codec.w3c.W3CHttpResponseCodec.decode(W3CHttpResponseCodec.java:53)
	at org.openqa.selenium.remote.HttpCommandExecutor.execute(HttpCommandExecutor.java:184)
	at org.openqa.selenium.remote.service.DriverCommandExecutor.invokeExecute(DriverCommandExecutor.java:167)
	at org.openqa.selenium.remote.service.DriverCommandExecutor.execute(DriverCommandExecutor.java:142)
	at org.openqa.selenium.remote.RemoteWebDriver.execute(RemoteWebDriver.java:567)
	at org.openqa.selenium.remote.ElementLocation$ElementFinder$2.findElement(ElementLocation.java:162)
	at org.openqa.selenium.remote.ElementLocation.findElement(ElementLocation.java:60)
	at org.openqa.selenium.remote.RemoteWebDriver.findElement(RemoteWebDriver.java:385)
	at org.openqa.selenium.remote.RemoteWebDriver.findElement(RemoteWebDriver.java:377)
	at org.example.pages.P03_HomePage.computerCategoryPOM(P03_HomePage.java:42)
	at org.example.stepDefinitions.D05_hoverCategoriesStepDef.hover_on_category(D05_hoverCategoriesStepDef.java:23)
	at ✽.]]></system-out>
    <system-err><![CDATA[Starting ChromeDriver 102.0.5005.61 (0e59bcc00cc4985ce39ad31c150065f159d95ad3-refs/branch-heads/5005@{#819}) on port 54684
Only local connections are allowed.
Please see https://chromedriver.chromium.org/security-considerations for suggestions on keeping ChromeDriver safe.
ChromeDriver was started successfully.
Jun 16, 2022 12:52:09 PM org.openqa.selenium.remote.ProtocolHandshake createSession
INFO: Detected dialect: W3C
Jun 16, 2022 12:52:09 PM org.openqa.selenium.devtools.CdpVersionFinder findNearestMatch
WARNING: Unable to find an exact match for CDP version 102, so returning the closest version found: 101
Jun 16, 2022 12:52:09 PM org.openqa.selenium.devtools.CdpVersionFinder findNearestMatch
INFO: Found CDP implementation for version 102 of 101
]]></system-err>
  </testcase>
  <testcase name="user could select first slider" classname="Homepage Slider feature |  user select one of slider and navigate to its page" time="4.982">
    <failure type="java.lang.AssertionError"><![CDATA[java.lang.AssertionError
]]></failure>
    <system-err><![CDATA[Starting ChromeDriver 102.0.5005.61 (0e59bcc00cc4985ce39ad31c150065f159d95ad3-refs/branch-heads/5005@{#819}) on port 61711
Only local connections are allowed.
Please see https://chromedriver.chromium.org/security-considerations for suggestions on keeping ChromeDriver safe.
ChromeDriver was started successfully.
Jun 16, 2022 12:52:13 PM org.openqa.selenium.remote.ProtocolHandshake createSession
INFO: Detected dialect: W3C
Jun 16, 2022 12:52:13 PM org.openqa.selenium.devtools.CdpVersionFinder findNearestMatch
WARNING: Unable to find an exact match for CDP version 102, so returning the closest version found: 101
Jun 16, 2022 12:52:13 PM org.openqa.selenium.devtools.CdpVersionFinder findNearestMatch
INFO: Found CDP implementation for version 102 of 101
]]></system-err>
  </testcase>
  <testcase name="user could select second  slider" classname="Homepage Slider feature |  user select one of slider and navigate to its page" time="4.751">
    <failure type="java.lang.AssertionError"><![CDATA[java.lang.AssertionError
]]></failure>
    <system-err><![CDATA[Starting ChromeDriver 102.0.5005.61 (0e59bcc00cc4985ce39ad31c150065f159d95ad3-refs/branch-heads/5005@{#819}) on port 58576
Only local connections are allowed.
Please see https://chromedriver.chromium.org/security-considerations for suggestions on keeping ChromeDriver safe.
ChromeDriver was started successfully.
Jun 16, 2022 12:52:18 PM org.openqa.selenium.remote.ProtocolHandshake createSession
INFO: Detected dialect: W3C
Jun 16, 2022 12:52:18 PM org.openqa.selenium.devtools.CdpVersionFinder findNearestMatch
WARNING: Unable to find an exact match for CDP version 102, so returning the closest version found: 101
Jun 16, 2022 12:52:18 PM org.openqa.selenium.devtools.CdpVersionFinder findNearestMatch
INFO: Found CDP implementation for version 102 of 101
]]></system-err>
  </testcase>
  <testcase name="user could select facebook icon" classname="Follow up  feature |  select different social network #1" time="7.932"/>
  <testcase name="user could select twitter icon" classname="Follow up  feature |  select different social network #1" time="7.82"/>
  <testcase name="user could select rss icon" classname="Follow up  feature |  select different social network #1" time="4.084">
    <error message="Index: 1, Size: 1" type="java.lang.IndexOutOfBoundsException"><![CDATA[java.lang.IndexOutOfBoundsException: Index: 1, Size: 1
]]></error>
    <system-err><![CDATA[Starting ChromeDriver 102.0.5005.61 (0e59bcc00cc4985ce39ad31c150065f159d95ad3-refs/branch-heads/5005@{#819}) on port 55452
Only local connections are allowed.
Please see https://chromedriver.chromium.org/security-considerations for suggestions on keeping ChromeDriver safe.
ChromeDriver was started successfully.
Jun 16, 2022 12:52:38 PM org.openqa.selenium.remote.ProtocolHandshake createSession
INFO: Detected dialect: W3C
Jun 16, 2022 12:52:38 PM org.openqa.selenium.devtools.CdpVersionFinder findNearestMatch
WARNING: Unable to find an exact match for CDP version 102, so returning the closest version found: 101
Jun 16, 2022 12:52:38 PM org.openqa.selenium.devtools.CdpVersionFinder findNearestMatch
INFO: Found CDP implementation for version 102 of 101
]]></system-err>
  </testcase>
  <testcase name="Logged user could add different products to Wishlist" classname="Follow up  feature |  select different social network #2" time="10.771"/>
</testsuite>